[GIN-debug] [WARNING] Creating an Engine instance with the Logger and Recovery middleware already attached.

[GIN-debug] [WARNING] Running in "debug" mode. Switch to "release" mode in production.
 - using env:	export GIN_MODE=release
 - using code:	gin.SetMode(gin.ReleaseMode)

[GIN-debug] POST   /sellpump/api/kategori/v1/create --> user_microservices/controllers.(*User).UserCreate-fm (4 handlers)
[GIN-debug] GET    /swagger/*any             --> github.com/swaggo/gin-swagger.CustomWrapHandler.func1 (4 handlers)
[GIN-debug] [WARNING] You trusted all proxies, this is NOT safe. We recommend you to set a value.
Please check https://pkg.go.dev/github.com/gin-gonic/gin#readme-don-t-trust-all-proxies for details.
[GIN-debug] Listening and serving HTTP on :2208
[GIN-debug] [WARNING] Creating an Engine instance with the Logger and Recovery middleware already attached.

[GIN-debug] [WARNING] Running in "debug" mode. Switch to "release" mode in production.
 - using env:	export GIN_MODE=release
 - using code:	gin.SetMode(gin.ReleaseMode)

[GIN-debug] POST   /sellpump/api/user/v1/create --> user_microservices/controllers.(*User).UserCreate-fm (4 handlers)
[GIN-debug] GET    /swagger/*any             --> github.com/swaggo/gin-swagger.CustomWrapHandler.func1 (4 handlers)
[GIN-debug] [WARNING] You trusted all proxies, this is NOT safe. We recommend you to set a value.
Please check https://pkg.go.dev/github.com/gin-gonic/gin#readme-don-t-trust-all-proxies for details.
[GIN-debug] Listening and serving HTTP on :2208
[GIN] 2021/12/03 - 18:43:22 | 500 |     200.369ms |       127.0.0.1 | POST     "/sellpump/api/user/v1/create"
[GIN] 2021/12/03 - 18:44:40 | 500 |    131.0502ms |       127.0.0.1 | POST     "/sellpump/api/user/v1/create"
[GIN-debug] [WARNING] Creating an Engine instance with the Logger and Recovery middleware already attached.

[GIN-debug] [WARNING] Running in "debug" mode. Switch to "release" mode in production.
 - using env:	export GIN_MODE=release
 - using code:	gin.SetMode(gin.ReleaseMode)

[GIN-debug] POST   /sellpump/api/user/v1/create --> user_microservices/controllers.(*User).UserCreate-fm (4 handlers)
[GIN-debug] GET    /swagger/*any             --> github.com/swaggo/gin-swagger.CustomWrapHandler.func1 (4 handlers)
[GIN-debug] [WARNING] You trusted all proxies, this is NOT safe. We recommend you to set a value.
Please check https://pkg.go.dev/github.com/gin-gonic/gin#readme-don-t-trust-all-proxies for details.
[GIN-debug] Listening and serving HTTP on :2208
[GIN] 2021/12/03 - 18:47:29 | 200 |    135.1063ms |       127.0.0.1 | POST     "/sellpump/api/user/v1/create"
[GIN-debug] [WARNING] Creating an Engine instance with the Logger and Recovery middleware already attached.

[GIN-debug] [WARNING] Running in "debug" mode. Switch to "release" mode in production.
 - using env:	export GIN_MODE=release
 - using code:	gin.SetMode(gin.ReleaseMode)

[GIN-debug] POST   /sellpump/api/user/v1/create --> user_microservices/controllers.(*User).UserCreate-fm (4 handlers)
[GIN-debug] GET    /swagger/*any             --> github.com/swaggo/gin-swagger.CustomWrapHandler.func1 (4 handlers)
[GIN-debug] [WARNING] You trusted all proxies, this is NOT safe. We recommend you to set a value.
Please check https://pkg.go.dev/github.com/gin-gonic/gin#readme-don-t-trust-all-proxies for details.
[GIN-debug] Listening and serving HTTP on :2208
[GIN-debug] [WARNING] Creating an Engine instance with the Logger and Recovery middleware already attached.

[GIN-debug] [WARNING] Running in "debug" mode. Switch to "release" mode in production.
 - using env:	export GIN_MODE=release
 - using code:	gin.SetMode(gin.ReleaseMode)

[GIN-debug] POST   /sellpump/api/user/v1/create --> user_microservices/controllers.(*User).UserCreate-fm (4 handlers)
[GIN-debug] GET    /swagger/*any             --> github.com/swaggo/gin-swagger.CustomWrapHandler.func1 (4 handlers)
[GIN-debug] [WARNING] You trusted all proxies, this is NOT safe. We recommend you to set a value.
Please check https://pkg.go.dev/github.com/gin-gonic/gin#readme-don-t-trust-all-proxies for details.
[GIN-debug] Listening and serving HTTP on :2208
[GIN] 2021/12/03 - 18:54:27 | 200 |    143.7416ms |       127.0.0.1 | POST     "/sellpump/api/user/v1/create"
[GIN-debug] [WARNING] Creating an Engine instance with the Logger and Recovery middleware already attached.

[GIN-debug] [WARNING] Running in "debug" mode. Switch to "release" mode in production.
 - using env:	export GIN_MODE=release
 - using code:	gin.SetMode(gin.ReleaseMode)

[GIN-debug] GET    /sellpump/api/user/photo/*filepath --> github.com/gin-gonic/gin.(*RouterGroup).createStaticHandler.func1 (4 handlers)
[GIN-debug] HEAD   /sellpump/api/user/photo/*filepath --> github.com/gin-gonic/gin.(*RouterGroup).createStaticHandler.func1 (4 handlers)
[GIN-debug] POST   /sellpump/api/user/v1/create --> user_microservices/controllers.(*User).UserCreate-fm (4 handlers)
[GIN-debug] GET    /swagger/*any             --> github.com/swaggo/gin-swagger.CustomWrapHandler.func1 (4 handlers)
[GIN-debug] [WARNING] You trusted all proxies, this is NOT safe. We recommend you to set a value.
Please check https://pkg.go.dev/github.com/gin-gonic/gin#readme-don-t-trust-all-proxies for details.
[GIN-debug] Listening and serving HTTP on :2208
[GIN] 2021/12/03 - 18:59:04 | 200 |    131.3513ms |       127.0.0.1 | POST     "/sellpump/api/user/v1/create"
[GIN-debug] [WARNING] Creating an Engine instance with the Logger and Recovery middleware already attached.

[GIN-debug] [WARNING] Running in "debug" mode. Switch to "release" mode in production.
 - using env:	export GIN_MODE=release
 - using code:	gin.SetMode(gin.ReleaseMode)

[GIN-debug] GET    /sellpump/api/user/photo/*filepath --> github.com/gin-gonic/gin.(*RouterGroup).createStaticHandler.func1 (4 handlers)
[GIN-debug] HEAD   /sellpump/api/user/photo/*filepath --> github.com/gin-gonic/gin.(*RouterGroup).createStaticHandler.func1 (4 handlers)
[GIN-debug] POST   /sellpump/api/user/v1/create --> user_microservices/controllers.(*User).UserCreate-fm (4 handlers)
[GIN-debug] GET    /swagger/*any             --> github.com/swaggo/gin-swagger.CustomWrapHandler.func1 (4 handlers)
[GIN-debug] [WARNING] You trusted all proxies, this is NOT safe. We recommend you to set a value.
Please check https://pkg.go.dev/github.com/gin-gonic/gin#readme-don-t-trust-all-proxies for details.
[GIN-debug] Listening and serving HTTP on :2208
[GIN] 2021/12/03 - 19:00:34 | 200 |    138.7178ms |       127.0.0.1 | POST     "/sellpump/api/user/v1/create"
[GIN-debug] [WARNING] Creating an Engine instance with the Logger and Recovery middleware already attached.

[GIN-debug] [WARNING] Running in "debug" mode. Switch to "release" mode in production.
 - using env:	export GIN_MODE=release
 - using code:	gin.SetMode(gin.ReleaseMode)

[GIN-debug] GET    /sellpump/api/user/photo/*filepath --> github.com/gin-gonic/gin.(*RouterGroup).createStaticHandler.func1 (4 handlers)
[GIN-debug] HEAD   /sellpump/api/user/photo/*filepath --> github.com/gin-gonic/gin.(*RouterGroup).createStaticHandler.func1 (4 handlers)
[GIN-debug] POST   /sellpump/api/user/v1/create --> user_microservices/controllers.(*User).UserCreate-fm (4 handlers)
[GIN-debug] GET    /swagger/*any             --> github.com/swaggo/gin-swagger.CustomWrapHandler.func1 (4 handlers)
[GIN-debug] [WARNING] You trusted all proxies, this is NOT safe. We recommend you to set a value.
Please check https://pkg.go.dev/github.com/gin-gonic/gin#readme-don-t-trust-all-proxies for details.
[GIN-debug] Listening and serving HTTP on :2208
[GIN-debug] [WARNING] Creating an Engine instance with the Logger and Recovery middleware already attached.

[GIN-debug] [WARNING] Running in "debug" mode. Switch to "release" mode in production.
 - using env:	export GIN_MODE=release
 - using code:	gin.SetMode(gin.ReleaseMode)

[GIN-debug] GET    /sellpump/api/user/photo/*filepath --> github.com/gin-gonic/gin.(*RouterGroup).createStaticHandler.func1 (4 handlers)
[GIN-debug] HEAD   /sellpump/api/user/photo/*filepath --> github.com/gin-gonic/gin.(*RouterGroup).createStaticHandler.func1 (4 handlers)
[GIN-debug] POST   /sellpump/api/user/v1/create --> user_microservices/controllers.(*User).UserCreate-fm (4 handlers)
[GIN-debug] GET    /swagger/*any             --> github.com/swaggo/gin-swagger.CustomWrapHandler.func1 (4 handlers)
[GIN-debug] [WARNING] You trusted all proxies, this is NOT safe. We recommend you to set a value.
Please check https://pkg.go.dev/github.com/gin-gonic/gin#readme-don-t-trust-all-proxies for details.
[GIN-debug] Listening and serving HTTP on :2208
[GIN] 2021/12/03 - 19:17:21 | 200 |    151.9581ms |       127.0.0.1 | POST     "/sellpump/api/user/v1/create"
[GIN-debug] [WARNING] Creating an Engine instance with the Logger and Recovery middleware already attached.

[GIN-debug] [WARNING] Running in "debug" mode. Switch to "release" mode in production.
 - using env:	export GIN_MODE=release
 - using code:	gin.SetMode(gin.ReleaseMode)

[GIN-debug] GET    /sellpump/api/user/photo/*filepath --> github.com/gin-gonic/gin.(*RouterGroup).createStaticHandler.func1 (4 handlers)
[GIN-debug] HEAD   /sellpump/api/user/photo/*filepath --> github.com/gin-gonic/gin.(*RouterGroup).createStaticHandler.func1 (4 handlers)
[GIN-debug] POST   /sellpump/api/user/v1/create --> user_microservices/controllers.(*User).UserCreate-fm (4 handlers)
[GIN-debug] GET    /swagger/*any             --> github.com/swaggo/gin-swagger.CustomWrapHandler.func1 (4 handlers)
[GIN-debug] [WARNING] You trusted all proxies, this is NOT safe. We recommend you to set a value.
Please check https://pkg.go.dev/github.com/gin-gonic/gin#readme-don-t-trust-all-proxies for details.
[GIN-debug] Listening and serving HTTP on :2208
[GIN] 2021/12/03 - 19:21:20 | 200 |    191.5612ms |       127.0.0.1 | POST     "/sellpump/api/user/v1/create"
[GIN-debug] [WARNING] Creating an Engine instance with the Logger and Recovery middleware already attached.

[GIN-debug] [WARNING] Running in "debug" mode. Switch to "release" mode in production.
 - using env:	export GIN_MODE=release
 - using code:	gin.SetMode(gin.ReleaseMode)

[GIN-debug] GET    /sellpump/api/user/photo/*filepath --> github.com/gin-gonic/gin.(*RouterGroup).createStaticHandler.func1 (4 handlers)
[GIN-debug] HEAD   /sellpump/api/user/photo/*filepath --> github.com/gin-gonic/gin.(*RouterGroup).createStaticHandler.func1 (4 handlers)
[GIN-debug] POST   /sellpump/api/user/v1/create --> user_microservices/controllers.(*User).UserCreate-fm (4 handlers)
[GIN-debug] GET    /swagger/*any             --> github.com/swaggo/gin-swagger.CustomWrapHandler.func1 (4 handlers)
[GIN-debug] [WARNING] You trusted all proxies, this is NOT safe. We recommend you to set a value.
Please check https://pkg.go.dev/github.com/gin-gonic/gin#readme-don-t-trust-all-proxies for details.
[GIN-debug] Listening and serving HTTP on :2208
[GIN] 2021/12/03 - 19:23:31 | 200 |    145.9147ms |       127.0.0.1 | POST     "/sellpump/api/user/v1/create"
[GIN] 2021/12/03 - 19:24:02 | 400 |      4.9127ms |       127.0.0.1 | POST     "/sellpump/api/user/v1/create"
[GIN] 2021/12/03 - 19:25:22 | 200 |    134.7756ms |       127.0.0.1 | POST     "/sellpump/api/user/v1/create"
[GIN] 2021/12/03 - 19:25:47 | 200 |    137.5813ms |       127.0.0.1 | POST     "/sellpump/api/user/v1/create"
[GIN-debug] [WARNING] Creating an Engine instance with the Logger and Recovery middleware already attached.

[GIN-debug] [WARNING] Running in "debug" mode. Switch to "release" mode in production.
 - using env:	export GIN_MODE=release
 - using code:	gin.SetMode(gin.ReleaseMode)

[GIN-debug] GET    /sellpump/api/user/photo/*filepath --> github.com/gin-gonic/gin.(*RouterGroup).createStaticHandler.func1 (4 handlers)
[GIN-debug] HEAD   /sellpump/api/user/photo/*filepath --> github.com/gin-gonic/gin.(*RouterGroup).createStaticHandler.func1 (4 handlers)
[GIN-debug] POST   /sellpump/api/user/v1/create --> user_microservices/controllers.(*User).UserCreate-fm (4 handlers)
[GIN-debug] GET    /swagger/*any             --> github.com/swaggo/gin-swagger.CustomWrapHandler.func1 (4 handlers)
[GIN-debug] [WARNING] You trusted all proxies, this is NOT safe. We recommend you to set a value.
Please check https://pkg.go.dev/github.com/gin-gonic/gin#readme-don-t-trust-all-proxies for details.
[GIN-debug] Listening and serving HTTP on :2208
[GIN-debug] [WARNING] Creating an Engine instance with the Logger and Recovery middleware already attached.

[GIN-debug] [WARNING] Running in "debug" mode. Switch to "release" mode in production.
 - using env:	export GIN_MODE=release
 - using code:	gin.SetMode(gin.ReleaseMode)

[GIN-debug] GET    /sellpump/api/user/photo/*filepath --> github.com/gin-gonic/gin.(*RouterGroup).createStaticHandler.func1 (4 handlers)
[GIN-debug] HEAD   /sellpump/api/user/photo/*filepath --> github.com/gin-gonic/gin.(*RouterGroup).createStaticHandler.func1 (4 handlers)
[GIN-debug] POST   /sellpump/api/user/v1/create --> user_microservices/controllers.(*User).UserCreate-fm (4 handlers)
[GIN-debug] GET    /swagger/*any             --> github.com/swaggo/gin-swagger.CustomWrapHandler.func1 (4 handlers)
[GIN-debug] [WARNING] You trusted all proxies, this is NOT safe. We recommend you to set a value.
Please check https://pkg.go.dev/github.com/gin-gonic/gin#readme-don-t-trust-all-proxies for details.
[GIN-debug] Listening and serving HTTP on :2208
[GIN-debug] [WARNING] Creating an Engine instance with the Logger and Recovery middleware already attached.

[GIN-debug] [WARNING] Running in "debug" mode. Switch to "release" mode in production.
 - using env:	export GIN_MODE=release
 - using code:	gin.SetMode(gin.ReleaseMode)

[GIN-debug] GET    /sellpump/api/user/photo/*filepath --> github.com/gin-gonic/gin.(*RouterGroup).createStaticHandler.func1 (4 handlers)
[GIN-debug] HEAD   /sellpump/api/user/photo/*filepath --> github.com/gin-gonic/gin.(*RouterGroup).createStaticHandler.func1 (4 handlers)
[GIN-debug] POST   /sellpump/api/user/v1/create --> user_microservices/controllers.(*User).UserCreate-fm (4 handlers)
[GIN-debug] GET    /swagger/*any             --> github.com/swaggo/gin-swagger.CustomWrapHandler.func1 (4 handlers)
[GIN-debug] [WARNING] You trusted all proxies, this is NOT safe. We recommend you to set a value.
Please check https://pkg.go.dev/github.com/gin-gonic/gin#readme-don-t-trust-all-proxies for details.
[GIN-debug] Listening and serving HTTP on :2208
[GIN] 2021/12/06 - 11:28:52 | 404 |       522.8µs |       127.0.0.1 | PUT      "/sellpump/api/user/v1/create"
[GIN] 2021/12/06 - 11:29:02 | 200 |    464.1545ms |       127.0.0.1 | POST     "/sellpump/api/user/v1/create"
[GIN] 2021/12/06 - 11:29:37 | 200 |    150.0325ms |       127.0.0.1 | POST     "/sellpump/api/user/v1/create"
[GIN-debug] [WARNING] Creating an Engine instance with the Logger and Recovery middleware already attached.

[GIN-debug] [WARNING] Running in "debug" mode. Switch to "release" mode in production.
 - using env:	export GIN_MODE=release
 - using code:	gin.SetMode(gin.ReleaseMode)

[GIN-debug] GET    /sellpump/api/user/photo/*filepath --> github.com/gin-gonic/gin.(*RouterGroup).createStaticHandler.func1 (4 handlers)
[GIN-debug] HEAD   /sellpump/api/user/photo/*filepath --> github.com/gin-gonic/gin.(*RouterGroup).createStaticHandler.func1 (4 handlers)
[GIN-debug] GET    /sellpump/api/user/v1/getkategori --> user_microservices/controllers.(*User).GetDataUser-fm (4 handlers)
[GIN-debug] POST   /sellpump/api/user/v1/create --> user_microservices/controllers.(*User).UserCreate-fm (4 handlers)
[GIN-debug] GET    /swagger/*any             --> github.com/swaggo/gin-swagger.CustomWrapHandler.func1 (4 handlers)
[GIN-debug] [WARNING] You trusted all proxies, this is NOT safe. We recommend you to set a value.
Please check https://pkg.go.dev/github.com/gin-gonic/gin#readme-don-t-trust-all-proxies for details.
[GIN-debug] Listening and serving HTTP on :2208
[GIN-debug] [WARNING] Creating an Engine instance with the Logger and Recovery middleware already attached.

[GIN-debug] [WARNING] Running in "debug" mode. Switch to "release" mode in production.
 - using env:	export GIN_MODE=release
 - using code:	gin.SetMode(gin.ReleaseMode)

[GIN-debug] GET    /sellpump/api/user/photo/*filepath --> github.com/gin-gonic/gin.(*RouterGroup).createStaticHandler.func1 (4 handlers)
[GIN-debug] HEAD   /sellpump/api/user/photo/*filepath --> github.com/gin-gonic/gin.(*RouterGroup).createStaticHandler.func1 (4 handlers)
[GIN-debug] GET    /sellpump/api/user/v1/getuser --> user_microservices/controllers.(*User).GetDataUser-fm (4 handlers)
[GIN-debug] POST   /sellpump/api/user/v1/create --> user_microservices/controllers.(*User).UserCreate-fm (4 handlers)
[GIN-debug] GET    /swagger/*any             --> github.com/swaggo/gin-swagger.CustomWrapHandler.func1 (4 handlers)
[GIN-debug] [WARNING] You trusted all proxies, this is NOT safe. We recommend you to set a value.
Please check https://pkg.go.dev/github.com/gin-gonic/gin#readme-don-t-trust-all-proxies for details.
[GIN-debug] Listening and serving HTTP on :2208
[GIN] 2021/12/06 - 11:36:54 | 200 |     84.5838ms |       127.0.0.1 | GET      "/sellpump/api/user/v1/getuser"
[GIN-debug] [WARNING] Creating an Engine instance with the Logger and Recovery middleware already attached.

[GIN-debug] [WARNING] Running in "debug" mode. Switch to "release" mode in production.
 - using env:	export GIN_MODE=release
 - using code:	gin.SetMode(gin.ReleaseMode)

[GIN-debug] GET    /sellpump/api/user/photo/*filepath --> github.com/gin-gonic/gin.(*RouterGroup).createStaticHandler.func1 (4 handlers)
[GIN-debug] HEAD   /sellpump/api/user/photo/*filepath --> github.com/gin-gonic/gin.(*RouterGroup).createStaticHandler.func1 (4 handlers)
[GIN-debug] GET    /sellpump/api/user/v1/getuser --> user_microservices/controllers.(*User).GetDataUser-fm (4 handlers)
[GIN-debug] POST   /sellpump/api/user/v1/create --> user_microservices/controllers.(*User).UserCreate-fm (4 handlers)
[GIN-debug] GET    /swagger/*any             --> github.com/swaggo/gin-swagger.CustomWrapHandler.func1 (4 handlers)
[GIN-debug] [WARNING] You trusted all proxies, this is NOT safe. We recommend you to set a value.
Please check https://pkg.go.dev/github.com/gin-gonic/gin#readme-don-t-trust-all-proxies for details.
[GIN-debug] Listening and serving HTTP on :2208
[GIN] 2021/12/06 - 12:02:40 | 200 |      97.768ms |       127.0.0.1 | GET      "/sellpump/api/user/v1/getuser"
[GIN] 2021/12/06 - 12:03:46 | 404 |            0s |       127.0.0.1 | PUT      "/sellpump/api/user/v1/update"
[GIN-debug] [WARNING] Creating an Engine instance with the Logger and Recovery middleware already attached.

[GIN-debug] [WARNING] Running in "debug" mode. Switch to "release" mode in production.
 - using env:	export GIN_MODE=release
 - using code:	gin.SetMode(gin.ReleaseMode)

[GIN-debug] GET    /sellpump/api/user/photo/*filepath --> github.com/gin-gonic/gin.(*RouterGroup).createStaticHandler.func1 (4 handlers)
[GIN-debug] HEAD   /sellpump/api/user/photo/*filepath --> github.com/gin-gonic/gin.(*RouterGroup).createStaticHandler.func1 (4 handlers)
[GIN-debug] GET    /sellpump/api/user/v1/getuser --> user_microservices/controllers.(*User).GetDataUser-fm (4 handlers)
[GIN-debug] POST   /sellpump/api/user/v1/create --> user_microservices/controllers.(*User).UserCreate-fm (4 handlers)
[GIN-debug] PUT    /sellpump/api/user/v1/update --> user_microservices/controllers.(*User).UserUpdate-fm (4 handlers)
[GIN-debug] GET    /swagger/*any             --> github.com/swaggo/gin-swagger.CustomWrapHandler.func1 (4 handlers)
[GIN-debug] [WARNING] You trusted all proxies, this is NOT safe. We recommend you to set a value.
Please check https://pkg.go.dev/github.com/gin-gonic/gin#readme-don-t-trust-all-proxies for details.
[GIN-debug] Listening and serving HTTP on :2208
[GIN] 2021/12/06 - 12:04:47 | 200 |    341.1824ms |       127.0.0.1 | PUT      "/sellpump/api/user/v1/update"
[GIN] 2021/12/06 - 12:05:42 | 200 |    364.7203ms |       127.0.0.1 | PUT      "/sellpump/api/user/v1/update"
[GIN-debug] [WARNING] Creating an Engine instance with the Logger and Recovery middleware already attached.

[GIN-debug] [WARNING] Running in "debug" mode. Switch to "release" mode in production.
 - using env:	export GIN_MODE=release
 - using code:	gin.SetMode(gin.ReleaseMode)

[GIN-debug] GET    /sellpump/api/user/photo/*filepath --> github.com/gin-gonic/gin.(*RouterGroup).createStaticHandler.func1 (4 handlers)
[GIN-debug] HEAD   /sellpump/api/user/photo/*filepath --> github.com/gin-gonic/gin.(*RouterGroup).createStaticHandler.func1 (4 handlers)
[GIN-debug] GET    /sellpump/api/user/v1/getuser --> user_microservices/controllers.(*User).GetDataUser-fm (4 handlers)
[GIN-debug] POST   /sellpump/api/user/v1/create --> user_microservices/controllers.(*User).UserCreate-fm (4 handlers)
[GIN-debug] PUT    /sellpump/api/user/v1/update --> user_microservices/controllers.(*User).UserUpdate-fm (4 handlers)
[GIN-debug] GET    /swagger/*any             --> github.com/swaggo/gin-swagger.CustomWrapHandler.func1 (4 handlers)
[GIN-debug] [WARNING] You trusted all proxies, this is NOT safe. We recommend you to set a value.
Please check https://pkg.go.dev/github.com/gin-gonic/gin#readme-don-t-trust-all-proxies for details.
[GIN-debug] Listening and serving HTTP on :2208
[GIN] 2021/12/06 - 12:07:07 | 200 |    215.0314ms |       127.0.0.1 | PUT      "/sellpump/api/user/v1/update"
[GIN] 2021/12/06 - 12:07:16 | 200 |    259.9133ms |       127.0.0.1 | PUT      "/sellpump/api/user/v1/update"
[GIN-debug] [WARNING] Creating an Engine instance with the Logger and Recovery middleware already attached.

[GIN-debug] [WARNING] Running in "debug" mode. Switch to "release" mode in production.
 - using env:	export GIN_MODE=release
 - using code:	gin.SetMode(gin.ReleaseMode)

[GIN-debug] GET    /sellpump/api/user/photo/*filepath --> github.com/gin-gonic/gin.(*RouterGroup).createStaticHandler.func1 (4 handlers)
[GIN-debug] HEAD   /sellpump/api/user/photo/*filepath --> github.com/gin-gonic/gin.(*RouterGroup).createStaticHandler.func1 (4 handlers)
[GIN-debug] GET    /sellpump/api/user/v1/getuser --> user_microservices/controllers.(*User).GetDataUser-fm (4 handlers)
[GIN-debug] POST   /sellpump/api/user/v1/create --> user_microservices/controllers.(*User).UserCreate-fm (4 handlers)
[GIN-debug] PUT    /sellpump/api/user/v1/update --> user_microservices/controllers.(*User).UserUpdate-fm (4 handlers)
[GIN-debug] GET    /swagger/*any             --> github.com/swaggo/gin-swagger.CustomWrapHandler.func1 (4 handlers)
[GIN-debug] [WARNING] You trusted all proxies, this is NOT safe. We recommend you to set a value.
Please check https://pkg.go.dev/github.com/gin-gonic/gin#readme-don-t-trust-all-proxies for details.
[GIN-debug] Listening and serving HTTP on :2208
[GIN] 2021/12/06 - 12:10:06 | 500 |    215.4378ms |       127.0.0.1 | PUT      "/sellpump/api/user/v1/update"
[GIN-debug] [WARNING] Creating an Engine instance with the Logger and Recovery middleware already attached.

[GIN-debug] [WARNING] Running in "debug" mode. Switch to "release" mode in production.
 - using env:	export GIN_MODE=release
 - using code:	gin.SetMode(gin.ReleaseMode)

[GIN-debug] GET    /sellpump/api/user/photo/*filepath --> github.com/gin-gonic/gin.(*RouterGroup).createStaticHandler.func1 (4 handlers)
[GIN-debug] HEAD   /sellpump/api/user/photo/*filepath --> github.com/gin-gonic/gin.(*RouterGroup).createStaticHandler.func1 (4 handlers)
[GIN-debug] GET    /sellpump/api/user/v1/getuser --> user_microservices/controllers.(*User).GetDataUser-fm (4 handlers)
[GIN-debug] POST   /sellpump/api/user/v1/create --> user_microservices/controllers.(*User).UserCreate-fm (4 handlers)
[GIN-debug] PUT    /sellpump/api/user/v1/update --> user_microservices/controllers.(*User).UserUpdate-fm (4 handlers)
[GIN-debug] GET    /swagger/*any             --> github.com/swaggo/gin-swagger.CustomWrapHandler.func1 (4 handlers)
[GIN-debug] [WARNING] You trusted all proxies, this is NOT safe. We recommend you to set a value.
Please check https://pkg.go.dev/github.com/gin-gonic/gin#readme-don-t-trust-all-proxies for details.
[GIN-debug] Listening and serving HTTP on :2208
[GIN] 2021/12/06 - 12:12:34 | 200 |    1.0392665s |       127.0.0.1 | PUT      "/sellpump/api/user/v1/update"
[GIN] 2021/12/06 - 12:15:12 | 200 |      655.58ms |       127.0.0.1 | PUT      "/sellpump/api/user/v1/update"
[GIN-debug] [WARNING] Creating an Engine instance with the Logger and Recovery middleware already attached.

[GIN-debug] [WARNING] Running in "debug" mode. Switch to "release" mode in production.
 - using env:	export GIN_MODE=release
 - using code:	gin.SetMode(gin.ReleaseMode)

[GIN-debug] GET    /sellpump/api/user/photo/*filepath --> github.com/gin-gonic/gin.(*RouterGroup).createStaticHandler.func1 (4 handlers)
[GIN-debug] HEAD   /sellpump/api/user/photo/*filepath --> github.com/gin-gonic/gin.(*RouterGroup).createStaticHandler.func1 (4 handlers)
[GIN-debug] GET    /sellpump/api/user/v1/getuser --> user_microservices/controllers.(*User).GetDataUser-fm (4 handlers)
[GIN-debug] POST   /sellpump/api/user/v1/create --> user_microservices/controllers.(*User).UserCreate-fm (4 handlers)
[GIN-debug] PUT    /sellpump/api/user/v1/update --> user_microservices/controllers.(*User).UserUpdate-fm (4 handlers)
[GIN-debug] DELETE /sellpump/api/user/v1/delete --> user_microservices/controllers.(*User).UserDelete-fm (4 handlers)
[GIN-debug] GET    /swagger/*any             --> github.com/swaggo/gin-swagger.CustomWrapHandler.func1 (4 handlers)
[GIN-debug] [WARNING] You trusted all proxies, this is NOT safe. We recommend you to set a value.
Please check https://pkg.go.dev/github.com/gin-gonic/gin#readme-don-t-trust-all-proxies for details.
[GIN-debug] Listening and serving HTTP on :2208
[GIN] 2021/12/06 - 13:00:23 | 200 |     131.143ms |       127.0.0.1 | DELETE   "/sellpump/api/user/v1/delete?id_user=e02cddf9-5ykh-la8h-51az-k341w4wqaxks"
[GIN-debug] [WARNING] Creating an Engine instance with the Logger and Recovery middleware already attached.

[GIN-debug] [WARNING] Running in "debug" mode. Switch to "release" mode in production.
 - using env:	export GIN_MODE=release
 - using code:	gin.SetMode(gin.ReleaseMode)

[GIN-debug] GET    /sellpump/api/user/photo/*filepath --> github.com/gin-gonic/gin.(*RouterGroup).createStaticHandler.func1 (4 handlers)
[GIN-debug] HEAD   /sellpump/api/user/photo/*filepath --> github.com/gin-gonic/gin.(*RouterGroup).createStaticHandler.func1 (4 handlers)
[GIN-debug] GET    /sellpump/api/user/v1/getuser --> user_microservices/controllers.(*User).GetDataUser-fm (4 handlers)
[GIN-debug] POST   /sellpump/api/user/v1/create --> user_microservices/controllers.(*User).UserCreate-fm (4 handlers)
[GIN-debug] PUT    /sellpump/api/user/v1/update --> user_microservices/controllers.(*User).UserUpdate-fm (4 handlers)
[GIN-debug] DELETE /sellpump/api/user/v1/delete --> user_microservices/controllers.(*User).UserDelete-fm (4 handlers)
[GIN-debug] GET    /swagger/*any             --> github.com/swaggo/gin-swagger.CustomWrapHandler.func1 (4 handlers)
[GIN-debug] [WARNING] You trusted all proxies, this is NOT safe. We recommend you to set a value.
Please check https://pkg.go.dev/github.com/gin-gonic/gin#readme-don-t-trust-all-proxies for details.
[GIN-debug] Listening and serving HTTP on :2208
[GIN] 2021/12/06 - 13:54:08 | 200 |     293.032ms |       127.0.0.1 | POST     "/sellpump/api/user/v1/create"
[GIN] 2021/12/06 - 14:30:50 | 200 |    819.3636ms |       127.0.0.1 | POST     "/sellpump/api/user/v1/create"
[GIN-debug] [WARNING] Creating an Engine instance with the Logger and Recovery middleware already attached.

[GIN-debug] [WARNING] Running in "debug" mode. Switch to "release" mode in production.
 - using env:	export GIN_MODE=release
 - using code:	gin.SetMode(gin.ReleaseMode)

[GIN-debug] GET    /sellpump/api/user/photo/*filepath --> github.com/gin-gonic/gin.(*RouterGroup).createStaticHandler.func1 (4 handlers)
[GIN-debug] HEAD   /sellpump/api/user/photo/*filepath --> github.com/gin-gonic/gin.(*RouterGroup).createStaticHandler.func1 (4 handlers)
[GIN-debug] GET    /sellpump/api/user/v1/getuser --> user_microservices/controllers.(*User).GetDataUser-fm (4 handlers)
[GIN-debug] POST   /sellpump/api/user/v1/create --> user_microservices/controllers.(*User).UserCreate-fm (4 handlers)
[GIN-debug] PUT    /sellpump/api/user/v1/update --> user_microservices/controllers.(*User).UserUpdate-fm (4 handlers)
[GIN-debug] DELETE /sellpump/api/user/v1/delete --> user_microservices/controllers.(*User).UserDelete-fm (4 handlers)
[GIN-debug] GET    /swagger/*any             --> github.com/swaggo/gin-swagger.CustomWrapHandler.func1 (4 handlers)
[GIN-debug] [WARNING] You trusted all proxies, this is NOT safe. We recommend you to set a value.
Please check https://pkg.go.dev/github.com/gin-gonic/gin#readme-don-t-trust-all-proxies for details.
[GIN-debug] Listening and serving HTTP on :2208
[GIN] 2021/12/06 - 14:32:53 | 500 |   22.6546231s |       127.0.0.1 | POST     "/sellpump/api/user/v1/create"
[GIN-debug] [WARNING] Creating an Engine instance with the Logger and Recovery middleware already attached.

[GIN-debug] [WARNING] Running in "debug" mode. Switch to "release" mode in production.
 - using env:	export GIN_MODE=release
 - using code:	gin.SetMode(gin.ReleaseMode)

[GIN-debug] GET    /sellpump/api/user/photo/*filepath --> github.com/gin-gonic/gin.(*RouterGroup).createStaticHandler.func1 (4 handlers)
[GIN-debug] HEAD   /sellpump/api/user/photo/*filepath --> github.com/gin-gonic/gin.(*RouterGroup).createStaticHandler.func1 (4 handlers)
[GIN-debug] GET    /sellpump/api/user/v1/getuser --> user_microservices/controllers.(*User).GetDataUser-fm (4 handlers)
[GIN-debug] POST   /sellpump/api/user/v1/create --> user_microservices/controllers.(*User).UserCreate-fm (4 handlers)
[GIN-debug] PUT    /sellpump/api/user/v1/update --> user_microservices/controllers.(*User).UserUpdate-fm (4 handlers)
[GIN-debug] DELETE /sellpump/api/user/v1/delete --> user_microservices/controllers.(*User).UserDelete-fm (4 handlers)
[GIN-debug] GET    /swagger/*any             --> github.com/swaggo/gin-swagger.CustomWrapHandler.func1 (4 handlers)
[GIN-debug] [WARNING] You trusted all proxies, this is NOT safe. We recommend you to set a value.
Please check https://pkg.go.dev/github.com/gin-gonic/gin#readme-don-t-trust-all-proxies for details.
[GIN-debug] Listening and serving HTTP on :2208
[GIN] 2021/12/06 - 14:46:07 | 500 |   10.5786734s |       127.0.0.1 | POST     "/sellpump/api/user/v1/create"
[GIN-debug] [WARNING] Creating an Engine instance with the Logger and Recovery middleware already attached.

[GIN-debug] [WARNING] Running in "debug" mode. Switch to "release" mode in production.
 - using env:	export GIN_MODE=release
 - using code:	gin.SetMode(gin.ReleaseMode)

[GIN-debug] GET    /sellpump/api/user/photo/*filepath --> github.com/gin-gonic/gin.(*RouterGroup).createStaticHandler.func1 (4 handlers)
[GIN-debug] HEAD   /sellpump/api/user/photo/*filepath --> github.com/gin-gonic/gin.(*RouterGroup).createStaticHandler.func1 (4 handlers)
[GIN-debug] GET    /sellpump/api/user/v1/getuser --> user_microservices/controllers.(*User).GetDataUser-fm (4 handlers)
[GIN-debug] POST   /sellpump/api/user/v1/create --> user_microservices/controllers.(*User).UserCreate-fm (4 handlers)
[GIN-debug] PUT    /sellpump/api/user/v1/update --> user_microservices/controllers.(*User).UserUpdate-fm (4 handlers)
[GIN-debug] DELETE /sellpump/api/user/v1/delete --> user_microservices/controllers.(*User).UserDelete-fm (4 handlers)
[GIN-debug] GET    /swagger/*any             --> github.com/swaggo/gin-swagger.CustomWrapHandler.func1 (4 handlers)
[GIN-debug] [WARNING] You trusted all proxies, this is NOT safe. We recommend you to set a value.
Please check https://pkg.go.dev/github.com/gin-gonic/gin#readme-don-t-trust-all-proxies for details.
[GIN-debug] Listening and serving HTTP on :2208
[GIN] 2021/12/06 - 14:51:37 | 500 |   22.5071566s |       127.0.0.1 | POST     "/sellpump/api/user/v1/create"
[GIN-debug] [WARNING] Creating an Engine instance with the Logger and Recovery middleware already attached.

[GIN-debug] [WARNING] Running in "debug" mode. Switch to "release" mode in production.
 - using env:	export GIN_MODE=release
 - using code:	gin.SetMode(gin.ReleaseMode)

[GIN-debug] GET    /sellpump/api/user/photo/*filepath --> github.com/gin-gonic/gin.(*RouterGroup).createStaticHandler.func1 (4 handlers)
[GIN-debug] HEAD   /sellpump/api/user/photo/*filepath --> github.com/gin-gonic/gin.(*RouterGroup).createStaticHandler.func1 (4 handlers)
[GIN-debug] GET    /sellpump/api/user/v1/getuser --> user_microservices/controllers.(*User).GetDataUser-fm (4 handlers)
[GIN-debug] POST   /sellpump/api/user/v1/create --> user_microservices/controllers.(*User).UserCreate-fm (4 handlers)
[GIN-debug] PUT    /sellpump/api/user/v1/update --> user_microservices/controllers.(*User).UserUpdate-fm (4 handlers)
[GIN-debug] DELETE /sellpump/api/user/v1/delete --> user_microservices/controllers.(*User).UserDelete-fm (4 handlers)
[GIN-debug] GET    /swagger/*any             --> github.com/swaggo/gin-swagger.CustomWrapHandler.func1 (4 handlers)
[GIN-debug] [WARNING] You trusted all proxies, this is NOT safe. We recommend you to set a value.
Please check https://pkg.go.dev/github.com/gin-gonic/gin#readme-don-t-trust-all-proxies for details.
[GIN-debug] Listening and serving HTTP on :2208
[GIN-debug] [WARNING] Creating an Engine instance with the Logger and Recovery middleware already attached.

[GIN-debug] [WARNING] Running in "debug" mode. Switch to "release" mode in production.
 - using env:	export GIN_MODE=release
 - using code:	gin.SetMode(gin.ReleaseMode)

[GIN-debug] GET    /sellpump/api/user/photo/*filepath --> github.com/gin-gonic/gin.(*RouterGroup).createStaticHandler.func1 (4 handlers)
[GIN-debug] HEAD   /sellpump/api/user/photo/*filepath --> github.com/gin-gonic/gin.(*RouterGroup).createStaticHandler.func1 (4 handlers)
[GIN-debug] GET    /sellpump/api/user/v1/getuser --> user_microservices/controllers.(*User).GetDataUser-fm (4 handlers)
[GIN-debug] POST   /sellpump/api/user/v1/create --> user_microservices/controllers.(*User).UserCreate-fm (4 handlers)
[GIN-debug] PUT    /sellpump/api/user/v1/update --> user_microservices/controllers.(*User).UserUpdate-fm (4 handlers)
[GIN-debug] DELETE /sellpump/api/user/v1/delete --> user_microservices/controllers.(*User).UserDelete-fm (4 handlers)
[GIN-debug] GET    /swagger/*any             --> github.com/swaggo/gin-swagger.CustomWrapHandler.func1 (4 handlers)
[GIN-debug] [WARNING] You trusted all proxies, this is NOT safe. We recommend you to set a value.
Please check https://pkg.go.dev/github.com/gin-gonic/gin#readme-don-t-trust-all-proxies for details.
[GIN-debug] Listening and serving HTTP on :2208
[GIN-debug] [WARNING] Creating an Engine instance with the Logger and Recovery middleware already attached.

[GIN-debug] [WARNING] Running in "debug" mode. Switch to "release" mode in production.
 - using env:	export GIN_MODE=release
 - using code:	gin.SetMode(gin.ReleaseMode)

[GIN-debug] GET    /sellpump/api/user/photo/*filepath --> github.com/gin-gonic/gin.(*RouterGroup).createStaticHandler.func1 (4 handlers)
[GIN-debug] HEAD   /sellpump/api/user/photo/*filepath --> github.com/gin-gonic/gin.(*RouterGroup).createStaticHandler.func1 (4 handlers)
[GIN-debug] GET    /sellpump/api/user/v1/getuser --> user_microservices/controllers.(*User).GetDataUser-fm (4 handlers)
[GIN-debug] POST   /sellpump/api/user/v1/create --> user_microservices/controllers.(*User).UserCreate-fm (4 handlers)
[GIN-debug] PUT    /sellpump/api/user/v1/update --> user_microservices/controllers.(*User).UserUpdate-fm (4 handlers)
[GIN-debug] DELETE /sellpump/api/user/v1/delete --> user_microservices/controllers.(*User).UserDelete-fm (4 handlers)
[GIN-debug] GET    /swagger/*any             --> github.com/swaggo/gin-swagger.CustomWrapHandler.func1 (4 handlers)
[GIN-debug] [WARNING] You trusted all proxies, this is NOT safe. We recommend you to set a value.
Please check https://pkg.go.dev/github.com/gin-gonic/gin#readme-don-t-trust-all-proxies for details.
[GIN-debug] Listening and serving HTTP on :2208
[GIN-debug] [WARNING] Creating an Engine instance with the Logger and Recovery middleware already attached.

[GIN-debug] [WARNING] Running in "debug" mode. Switch to "release" mode in production.
 - using env:	export GIN_MODE=release
 - using code:	gin.SetMode(gin.ReleaseMode)

[GIN-debug] GET    /sellpump/api/user/photo/*filepath --> github.com/gin-gonic/gin.(*RouterGroup).createStaticHandler.func1 (4 handlers)
[GIN-debug] HEAD   /sellpump/api/user/photo/*filepath --> github.com/gin-gonic/gin.(*RouterGroup).createStaticHandler.func1 (4 handlers)
[GIN-debug] GET    /sellpump/api/user/v1/getuser --> user_microservices/controllers.(*User).GetDataUser-fm (4 handlers)
[GIN-debug] POST   /sellpump/api/user/v1/create --> user_microservices/controllers.(*User).UserCreate-fm (4 handlers)
[GIN-debug] PUT    /sellpump/api/user/v1/update --> user_microservices/controllers.(*User).UserUpdate-fm (4 handlers)
[GIN-debug] DELETE /sellpump/api/user/v1/delete --> user_microservices/controllers.(*User).UserDelete-fm (4 handlers)
[GIN-debug] GET    /swagger/*any             --> github.com/swaggo/gin-swagger.CustomWrapHandler.func1 (4 handlers)
[GIN-debug] [WARNING] You trusted all proxies, this is NOT safe. We recommend you to set a value.
Please check https://pkg.go.dev/github.com/gin-gonic/gin#readme-don-t-trust-all-proxies for details.
[GIN-debug] Listening and serving HTTP on :2208
[GIN] 2021/12/06 - 16:26:07 | 500 |    22.148033s |       127.0.0.1 | POST     "/sellpump/api/user/v1/create"
[GIN-debug] [WARNING] Creating an Engine instance with the Logger and Recovery middleware already attached.

[GIN-debug] [WARNING] Running in "debug" mode. Switch to "release" mode in production.
 - using env:	export GIN_MODE=release
 - using code:	gin.SetMode(gin.ReleaseMode)

[GIN-debug] GET    /sellpump/api/user/photo/*filepath --> github.com/gin-gonic/gin.(*RouterGroup).createStaticHandler.func1 (4 handlers)
[GIN-debug] HEAD   /sellpump/api/user/photo/*filepath --> github.com/gin-gonic/gin.(*RouterGroup).createStaticHandler.func1 (4 handlers)
[GIN-debug] GET    /sellpump/api/user/v1/getuser --> user_microservices/controllers.(*User).GetDataUser-fm (4 handlers)
[GIN-debug] POST   /sellpump/api/user/v1/create --> user_microservices/controllers.(*User).UserCreate-fm (4 handlers)
[GIN-debug] PUT    /sellpump/api/user/v1/update --> user_microservices/controllers.(*User).UserUpdate-fm (4 handlers)
[GIN-debug] DELETE /sellpump/api/user/v1/delete --> user_microservices/controllers.(*User).UserDelete-fm (4 handlers)
[GIN-debug] GET    /swagger/*any             --> github.com/swaggo/gin-swagger.CustomWrapHandler.func1 (4 handlers)
[GIN-debug] [WARNING] You trusted all proxies, this is NOT safe. We recommend you to set a value.
Please check https://pkg.go.dev/github.com/gin-gonic/gin#readme-don-t-trust-all-proxies for details.
[GIN-debug] Listening and serving HTTP on :2208
[GIN] 2021/12/06 - 16:34:08 | 500 |   22.3921229s |       127.0.0.1 | POST     "/sellpump/api/user/v1/create"
[GIN-debug] [WARNING] Creating an Engine instance with the Logger and Recovery middleware already attached.

[GIN-debug] [WARNING] Running in "debug" mode. Switch to "release" mode in production.
 - using env:	export GIN_MODE=release
 - using code:	gin.SetMode(gin.ReleaseMode)

[GIN-debug] GET    /sellpump/api/user/photo/*filepath --> github.com/gin-gonic/gin.(*RouterGroup).createStaticHandler.func1 (4 handlers)
[GIN-debug] HEAD   /sellpump/api/user/photo/*filepath --> github.com/gin-gonic/gin.(*RouterGroup).createStaticHandler.func1 (4 handlers)
[GIN-debug] GET    /sellpump/api/user/v1/getuser --> user_microservices/controllers.(*User).GetDataUser-fm (4 handlers)
[GIN-debug] POST   /sellpump/api/user/v1/create --> user_microservices/controllers.(*User).UserCreate-fm (4 handlers)
[GIN-debug] PUT    /sellpump/api/user/v1/update --> user_microservices/controllers.(*User).UserUpdate-fm (4 handlers)
[GIN-debug] DELETE /sellpump/api/user/v1/delete --> user_microservices/controllers.(*User).UserDelete-fm (4 handlers)
[GIN-debug] GET    /swagger/*any             --> github.com/swaggo/gin-swagger.CustomWrapHandler.func1 (4 handlers)
[GIN-debug] [WARNING] You trusted all proxies, this is NOT safe. We recommend you to set a value.
Please check https://pkg.go.dev/github.com/gin-gonic/gin#readme-don-t-trust-all-proxies for details.
[GIN-debug] Listening and serving HTTP on :2208
[GIN] 2021/12/06 - 16:46:43 | 200 |    272.5747ms |       127.0.0.1 | GET      "/sellpump/api/user/v1/getuser"
[GIN-debug] [WARNING] Creating an Engine instance with the Logger and Recovery middleware already attached.

[GIN-debug] [WARNING] Running in "debug" mode. Switch to "release" mode in production.
 - using env:	export GIN_MODE=release
 - using code:	gin.SetMode(gin.ReleaseMode)

[GIN-debug] GET    /sellpump/api/user/photo/*filepath --> github.com/gin-gonic/gin.(*RouterGroup).createStaticHandler.func1 (4 handlers)
[GIN-debug] HEAD   /sellpump/api/user/photo/*filepath --> github.com/gin-gonic/gin.(*RouterGroup).createStaticHandler.func1 (4 handlers)
[GIN-debug] GET    /sellpump/api/user/v1/getuser --> user_microservices/controllers.(*User).GetDataUser-fm (4 handlers)
[GIN-debug] POST   /sellpump/api/user/v1/create --> user_microservices/controllers.(*User).UserCreate-fm (4 handlers)
[GIN-debug] PUT    /sellpump/api/user/v1/update --> user_microservices/controllers.(*User).UserUpdate-fm (4 handlers)
[GIN-debug] DELETE /sellpump/api/user/v1/delete --> user_microservices/controllers.(*User).UserDelete-fm (4 handlers)
[GIN-debug] GET    /swagger/*any             --> github.com/swaggo/gin-swagger.CustomWrapHandler.func1 (4 handlers)
[GIN-debug] [WARNING] You trusted all proxies, this is NOT safe. We recommend you to set a value.
Please check https://pkg.go.dev/github.com/gin-gonic/gin#readme-don-t-trust-all-proxies for details.
[GIN-debug] Listening and serving HTTP on :2208
[GIN] 2021/12/06 - 17:00:25 | 500 |   21.3448523s |       127.0.0.1 | POST     "/sellpump/api/user/v1/create"
